{"/Users/imdadadelabou/projets/tikeo-planity-backend/src/index.ts": {"path":"/Users/imdadadelabou/projets/tikeo-planity-backend/src/index.ts","statementMap":{"0":{"start":{"line":1,"column":0},"end":{"line":1,"column":23}},"1":{"start":{"line":2,"column":0},"end":{"line":2,"column":30}},"2":{"start":{"line":3,"column":0},"end":{"line":3,"column":32}},"3":{"start":{"line":4,"column":0},"end":{"line":4,"column":41}},"4":{"start":{"line":5,"column":0},"end":{"line":5,"column":50}},"5":{"start":{"line":6,"column":0},"end":{"line":6,"column":50}},"6":{"start":{"line":7,"column":0},"end":{"line":7,"column":65}},"7":{"start":{"line":8,"column":0},"end":{"line":8,"column":62}},"8":{"start":{"line":9,"column":0},"end":{"line":9,"column":52}},"9":{"start":{"line":11,"column":12},"end":{"line":11,"column":21}},"10":{"start":{"line":38,"column":9},"end":{"line":38,"column":12}},"11":{"start":{"line":12,"column":13},"end":{"line":12,"column":37}},"12":{"start":{"line":13,"column":17},"end":{"line":13,"column":23}},"13":{"start":{"line":15,"column":0},"end":{"line":15,"column":29}},"14":{"start":{"line":17,"column":0},"end":{"line":17,"column":24}},"15":{"start":{"line":18,"column":0},"end":{"line":18,"column":24}},"16":{"start":{"line":19,"column":0},"end":{"line":19,"column":31}},"17":{"start":{"line":21,"column":0},"end":{"line":23,"column":3}},"18":{"start":{"line":22,"column":2},"end":{"line":22,"column":45}},"19":{"start":{"line":25,"column":0},"end":{"line":25,"column":40}},"20":{"start":{"line":26,"column":0},"end":{"line":26,"column":40}},"21":{"start":{"line":27,"column":0},"end":{"line":32,"column":2}},"22":{"start":{"line":34,"column":0},"end":{"line":36,"column":3}},"23":{"start":{"line":35,"column":2},"end":{"line":35,"column":60}}},"fnMap":{"0":{"name":"(anonymous_1)","decl":{"start":{"line":21,"column":13},"end":{"line":21,"column":14}},"loc":{"start":{"line":21,"column":27},"end":{"line":23,"column":1}}},"1":{"name":"(anonymous_2)","decl":{"start":{"line":34,"column":17},"end":{"line":34,"column":20}},"loc":{"start":{"line":34,"column":22},"end":{"line":36,"column":1}}}},"branchMap":{"0":{"loc":{"start":{"line":12,"column":13},"end":{"line":12,"column":37}},"type":"binary-expr","locations":[{"start":{"line":12,"column":13},"end":{"line":12,"column":29}},{"start":{"line":12,"column":33},"end":{"line":12,"column":37}}]}},"s":{"0":1,"1":1,"2":1,"3":1,"4":1,"5":1,"6":1,"7":1,"8":1,"9":1,"10":1,"11":1,"12":1,"13":1,"14":1,"15":1,"16":1,"17":1,"18":0,"19":1,"20":1,"21":1,"22":1,"23":1},"f":{"0":0,"1":1},"b":{"0":[1,0]}}
,"/Users/imdadadelabou/projets/tikeo-planity-backend/src/auth/controllers/auth.controller.ts": {"path":"/Users/imdadadelabou/projets/tikeo-planity-backend/src/auth/controllers/auth.controller.ts","statementMap":{"0":{"start":{"line":128,"column":9},"end":{"line":128,"column":14}},"1":{"start":{"line":128,"column":16},"end":{"line":128,"column":24}},"2":{"start":{"line":128,"column":26},"end":{"line":128,"column":38}},"3":{"start":{"line":2,"column":0},"end":{"line":2,"column":61}},"4":{"start":{"line":3,"column":0},"end":{"line":3,"column":55}},"5":{"start":{"line":4,"column":0},"end":{"line":4,"column":59}},"6":{"start":{"line":6,"column":0},"end":{"line":6,"column":31}},"7":{"start":{"line":7,"column":0},"end":{"line":7,"column":28}},"8":{"start":{"line":9,"column":12},"end":{"line":9,"column":23}},"9":{"start":{"line":10,"column":21},"end":{"line":10,"column":50}},"10":{"start":{"line":11,"column":23},"end":{"line":11,"column":72}},"11":{"start":{"line":14,"column":2},"end":{"line":16,"column":3}},"12":{"start":{"line":15,"column":4},"end":{"line":15,"column":58}},"13":{"start":{"line":18,"column":2},"end":{"line":18,"column":91}},"14":{"start":{"line":22,"column":2},"end":{"line":24,"column":3}},"15":{"start":{"line":23,"column":4},"end":{"line":23,"column":59}},"16":{"start":{"line":26,"column":2},"end":{"line":26,"column":92}},"17":{"start":{"line":30,"column":2},"end":{"line":58,"column":3}},"18":{"start":{"line":31,"column":33},"end":{"line":31,"column":68}},"19":{"start":{"line":32,"column":4},"end":{"line":34,"column":5}},"20":{"start":{"line":33,"column":6},"end":{"line":33,"column":75}},"21":{"start":{"line":35,"column":32},"end":{"line":35,"column":40}},"22":{"start":{"line":36,"column":17},"end":{"line":36,"column":57}},"23":{"start":{"line":37,"column":4},"end":{"line":39,"column":5}},"24":{"start":{"line":38,"column":6},"end":{"line":38,"column":70}},"25":{"start":{"line":40,"column":28},"end":{"line":40,"column":73}},"26":{"start":{"line":41,"column":4},"end":{"line":43,"column":5}},"27":{"start":{"line":42,"column":6},"end":{"line":42,"column":70}},"28":{"start":{"line":44,"column":24},"end":{"line":44,"column":62}},"29":{"start":{"line":45,"column":25},"end":{"line":45,"column":64}},"30":{"start":{"line":46,"column":4},"end":{"line":46,"column":70}},"31":{"start":{"line":48,"column":4},"end":{"line":52,"column":7}},"32":{"start":{"line":54,"column":4},"end":{"line":54,"column":49}},"33":{"start":{"line":56,"column":4},"end":{"line":56,"column":25}},"34":{"start":{"line":57,"column":4},"end":{"line":57,"column":70}},"35":{"start":{"line":62,"column":2},"end":{"line":99,"column":3}},"36":{"start":{"line":63,"column":33},"end":{"line":63,"column":71}},"37":{"start":{"line":64,"column":4},"end":{"line":66,"column":5}},"38":{"start":{"line":65,"column":6},"end":{"line":65,"column":75}},"39":{"start":{"line":67,"column":51},"end":{"line":67,"column":76}},"40":{"start":{"line":68,"column":25},"end":{"line":68,"column":65}},"41":{"start":{"line":69,"column":4},"end":{"line":71,"column":5}},"42":{"start":{"line":70,"column":6},"end":{"line":70,"column":86}},"43":{"start":{"line":72,"column":25},"end":{"line":72,"column":56}},"44":{"start":{"line":73,"column":24},"end":{"line":73,"column":50}},"45":{"start":{"line":74,"column":25},"end":{"line":74,"column":52}},"46":{"start":{"line":76,"column":4},"end":{"line":83,"column":7}},"47":{"start":{"line":85,"column":4},"end":{"line":90,"column":7}},"48":{"start":{"line":92,"column":4},"end":{"line":95,"column":7}},"49":{"start":{"line":97,"column":4},"end":{"line":97,"column":25}},"50":{"start":{"line":98,"column":4},"end":{"line":98,"column":70}},"51":{"start":{"line":103,"column":16},"end":{"line":103,"column":40}},"52":{"start":{"line":104,"column":2},"end":{"line":104,"column":84}},"53":{"start":{"line":104,"column":14},"end":{"line":104,"column":84}},"54":{"start":{"line":106,"column":2},"end":{"line":110,"column":3}},"55":{"start":{"line":107,"column":4},"end":{"line":109,"column":81}},"56":{"start":{"line":112,"column":2},"end":{"line":125,"column":3}},"57":{"start":{"line":113,"column":20},"end":{"line":113,"column":63}},"58":{"start":{"line":114,"column":17},"end":{"line":114,"column":70}},"59":{"start":{"line":115,"column":4},"end":{"line":115,"column":81}},"60":{"start":{"line":115,"column":15},"end":{"line":115,"column":81}},"61":{"start":{"line":117,"column":27},"end":{"line":117,"column":65}},"62":{"start":{"line":119,"column":4},"end":{"line":122,"column":7}},"63":{"start":{"line":124,"column":4},"end":{"line":124,"column":70}}},"fnMap":{"0":{"name":"generateAccessToken","decl":{"start":{"line":13,"column":9},"end":{"line":13,"column":28}},"loc":{"start":{"line":13,"column":43},"end":{"line":19,"column":1}}},"1":{"name":"generateRefreshToken","decl":{"start":{"line":21,"column":9},"end":{"line":21,"column":29}},"loc":{"start":{"line":21,"column":44},"end":{"line":27,"column":1}}},"2":{"name":"login","decl":{"start":{"line":29,"column":15},"end":{"line":29,"column":20}},"loc":{"start":{"line":29,"column":48},"end":{"line":59,"column":1}}},"3":{"name":"register","decl":{"start":{"line":61,"column":15},"end":{"line":61,"column":23}},"loc":{"start":{"line":61,"column":51},"end":{"line":100,"column":1}}},"4":{"name":"refreshToken","decl":{"start":{"line":102,"column":15},"end":{"line":102,"column":27}},"loc":{"start":{"line":102,"column":55},"end":{"line":126,"column":1}}}},"branchMap":{"0":{"loc":{"start":{"line":11,"column":23},"end":{"line":11,"column":72}},"type":"cond-expr","locations":[{"start":{"line":11,"column":55},"end":{"line":11,"column":63}},{"start":{"line":11,"column":66},"end":{"line":11,"column":72}}]},"1":{"loc":{"start":{"line":14,"column":2},"end":{"line":16,"column":3}},"type":"if","locations":[{"start":{"line":14,"column":2},"end":{"line":16,"column":3}},{"start":{},"end":{}}]},"2":{"loc":{"start":{"line":22,"column":2},"end":{"line":24,"column":3}},"type":"if","locations":[{"start":{"line":22,"column":2},"end":{"line":24,"column":3}},{"start":{},"end":{}}]},"3":{"loc":{"start":{"line":32,"column":4},"end":{"line":34,"column":5}},"type":"if","locations":[{"start":{"line":32,"column":4},"end":{"line":34,"column":5}},{"start":{},"end":{}}]},"4":{"loc":{"start":{"line":37,"column":4},"end":{"line":39,"column":5}},"type":"if","locations":[{"start":{"line":37,"column":4},"end":{"line":39,"column":5}},{"start":{},"end":{}}]},"5":{"loc":{"start":{"line":41,"column":4},"end":{"line":43,"column":5}},"type":"if","locations":[{"start":{"line":41,"column":4},"end":{"line":43,"column":5}},{"start":{},"end":{}}]},"6":{"loc":{"start":{"line":64,"column":4},"end":{"line":66,"column":5}},"type":"if","locations":[{"start":{"line":64,"column":4},"end":{"line":66,"column":5}},{"start":{},"end":{}}]},"7":{"loc":{"start":{"line":69,"column":4},"end":{"line":71,"column":5}},"type":"if","locations":[{"start":{"line":69,"column":4},"end":{"line":71,"column":5}},{"start":{},"end":{}}]},"8":{"loc":{"start":{"line":104,"column":2},"end":{"line":104,"column":84}},"type":"if","locations":[{"start":{"line":104,"column":2},"end":{"line":104,"column":84}},{"start":{},"end":{}}]},"9":{"loc":{"start":{"line":106,"column":2},"end":{"line":110,"column":3}},"type":"if","locations":[{"start":{"line":106,"column":2},"end":{"line":110,"column":3}},{"start":{},"end":{}}]},"10":{"loc":{"start":{"line":106,"column":6},"end":{"line":106,"column":59}},"type":"binary-expr","locations":[{"start":{"line":106,"column":6},"end":{"line":106,"column":31}},{"start":{"line":106,"column":35},"end":{"line":106,"column":59}}]},"11":{"loc":{"start":{"line":115,"column":4},"end":{"line":115,"column":81}},"type":"if","locations":[{"start":{"line":115,"column":4},"end":{"line":115,"column":81}},{"start":{},"end":{}}]}},"s":{"0":1,"1":1,"2":1,"3":1,"4":1,"5":1,"6":1,"7":1,"8":1,"9":1,"10":1,"11":0,"12":0,"13":0,"14":0,"15":0,"16":0,"17":3,"18":3,"19":3,"20":3,"21":0,"22":0,"23":0,"24":0,"25":0,"26":0,"27":0,"28":0,"29":0,"30":0,"31":0,"32":0,"33":0,"34":0,"35":0,"36":0,"37":0,"38":0,"39":0,"40":0,"41":0,"42":0,"43":0,"44":0,"45":0,"46":0,"47":0,"48":0,"49":0,"50":0,"51":0,"52":0,"53":0,"54":0,"55":0,"56":0,"57":0,"58":0,"59":0,"60":0,"61":0,"62":0,"63":0},"f":{"0":0,"1":0,"2":3,"3":0,"4":0},"b":{"0":[0,1],"1":[0,0],"2":[0,0],"3":[3,0],"4":[0,0],"5":[0,0],"6":[0,0],"7":[0,0],"8":[0,0],"9":[0,0],"10":[0,0],"11":[0,0]}}
,"/Users/imdadadelabou/projets/tikeo-planity-backend/src/auth/dto/loginData.dto.ts": {"path":"/Users/imdadadelabou/projets/tikeo-planity-backend/src/auth/dto/loginData.dto.ts","statementMap":{"0":{"start":{"line":1,"column":0},"end":{"line":1,"column":24}},"1":{"start":{"line":3,"column":24},"end":{"line":3,"column":85}},"2":{"start":{"line":5,"column":9},"end":{"line":5,"column":24}}},"fnMap":{},"branchMap":{},"s":{"0":1,"1":1,"2":1},"f":{},"b":{}}
,"/Users/imdadadelabou/projets/tikeo-planity-backend/src/auth/dto/registerData.dto.ts": {"path":"/Users/imdadadelabou/projets/tikeo-planity-backend/src/auth/dto/registerData.dto.ts","statementMap":{"0":{"start":{"line":1,"column":0},"end":{"line":1,"column":24}},"1":{"start":{"line":2,"column":0},"end":{"line":2,"column":45}},"2":{"start":{"line":4,"column":27},"end":{"line":10,"column":2}},"3":{"start":{"line":14,"column":9},"end":{"line":14,"column":27}}},"fnMap":{},"branchMap":{},"s":{"0":1,"1":1,"2":1,"3":1},"f":{},"b":{}}
,"/Users/imdadadelabou/projets/tikeo-planity-backend/src/auth/routes/auth.route.ts": {"path":"/Users/imdadadelabou/projets/tikeo-planity-backend/src/auth/routes/auth.route.ts","statementMap":{"0":{"start":{"line":1,"column":0},"end":{"line":1,"column":33}},"1":{"start":{"line":2,"column":0},"end":{"line":2,"column":79}},"2":{"start":{"line":4,"column":19},"end":{"line":4,"column":27}},"3":{"start":{"line":6,"column":0},"end":{"line":6,"column":39}},"4":{"start":{"line":7,"column":0},"end":{"line":7,"column":33}},"5":{"start":{"line":8,"column":0},"end":{"line":8,"column":48}},"6":{"start":{"line":10,"column":0},"end":{"line":10,"column":26}}},"fnMap":{},"branchMap":{},"s":{"0":1,"1":1,"2":1,"3":1,"4":1,"5":1,"6":1},"f":{},"b":{}}
,"/Users/imdadadelabou/projets/tikeo-planity-backend/src/config/passport/initialize.ts": {"path":"/Users/imdadadelabou/projets/tikeo-planity-backend/src/config/passport/initialize.ts","statementMap":{"0":{"start":{"line":22,"column":0},"end":{"line":22,"column":16}},"1":{"start":{"line":1,"column":0},"end":{"line":1,"column":83}},"2":{"start":{"line":2,"column":0},"end":{"line":2,"column":59}},"3":{"start":{"line":5,"column":44},"end":{"line":8,"column":2}},"4":{"start":{"line":10,"column":13},"end":{"line":20,"column":3}},"5":{"start":{"line":11,"column":2},"end":{"line":19,"column":38}},"6":{"start":{"line":14,"column":6},"end":{"line":16,"column":7}},"7":{"start":{"line":15,"column":8},"end":{"line":15,"column":32}},"8":{"start":{"line":17,"column":6},"end":{"line":17,"column":31}},"9":{"start":{"line":19,"column":20},"end":{"line":19,"column":36}},"10":{"start":{"line":23,"column":2},"end":{"line":23,"column":28}},"11":{"start":{"line":25,"column":0},"end":{"line":25,"column":34}}},"fnMap":{"0":{"name":"(anonymous_1)","decl":{"start":{"line":10,"column":46},"end":{"line":10,"column":47}},"loc":{"start":{"line":10,"column":67},"end":{"line":20,"column":1}}},"1":{"name":"(anonymous_2)","decl":{"start":{"line":13,"column":10},"end":{"line":13,"column":11}},"loc":{"start":{"line":13,"column":19},"end":{"line":18,"column":5}}},"2":{"name":"(anonymous_3)","decl":{"start":{"line":19,"column":11},"end":{"line":19,"column":12}},"loc":{"start":{"line":19,"column":20},"end":{"line":19,"column":36}}},"3":{"name":"initializePassport","decl":{"start":{"line":22,"column":16},"end":{"line":22,"column":34}},"loc":{"start":{"line":22,"column":59},"end":{"line":24,"column":1}}}},"branchMap":{"0":{"loc":{"start":{"line":14,"column":6},"end":{"line":16,"column":7}},"type":"if","locations":[{"start":{"line":14,"column":6},"end":{"line":16,"column":7}},{"start":{},"end":{}}]}},"s":{"0":1,"1":1,"2":1,"3":1,"4":1,"5":0,"6":0,"7":0,"8":0,"9":0,"10":1,"11":1},"f":{"0":0,"1":0,"2":0,"3":1},"b":{"0":[0,0]}}
,"/Users/imdadadelabou/projets/tikeo-planity-backend/src/config/prisma/client.ts": {"path":"/Users/imdadadelabou/projets/tikeo-planity-backend/src/config/prisma/client.ts","statementMap":{"0":{"start":{"line":1,"column":0},"end":{"line":1,"column":46}},"1":{"start":{"line":3,"column":15},"end":{"line":3,"column":33}},"2":{"start":{"line":5,"column":0},"end":{"line":5,"column":22}}},"fnMap":{},"branchMap":{},"s":{"0":1,"1":1,"2":1},"f":{},"b":{}}
,"/Users/imdadadelabou/projets/tikeo-planity-backend/src/middlewares/isAProvider.ts": {"path":"/Users/imdadadelabou/projets/tikeo-planity-backend/src/middlewares/isAProvider.ts","statementMap":{"0":{"start":{"line":3,"column":0},"end":{"line":3,"column":42}},"1":{"start":{"line":6,"column":15},"end":{"line":6,"column":31}},"2":{"start":{"line":8,"column":2},"end":{"line":12,"column":3}},"3":{"start":{"line":9,"column":4},"end":{"line":9,"column":11}},"4":{"start":{"line":11,"column":4},"end":{"line":11,"column":58}},"5":{"start":{"line":15,"column":0},"end":{"line":15,"column":27}}},"fnMap":{"0":{"name":"isAProvider","decl":{"start":{"line":5,"column":9},"end":{"line":5,"column":20}},"loc":{"start":{"line":5,"column":68},"end":{"line":13,"column":1}}}},"branchMap":{"0":{"loc":{"start":{"line":8,"column":2},"end":{"line":12,"column":3}},"type":"if","locations":[{"start":{"line":8,"column":2},"end":{"line":12,"column":3}},{"start":{"line":10,"column":9},"end":{"line":12,"column":3}}]},"1":{"loc":{"start":{"line":8,"column":6},"end":{"line":8,"column":36}},"type":"binary-expr","locations":[{"start":{"line":8,"column":6},"end":{"line":8,"column":10}},{"start":{"line":8,"column":14},"end":{"line":8,"column":36}}]}},"s":{"0":1,"1":0,"2":0,"3":0,"4":0,"5":1},"f":{"0":0},"b":{"0":[0,0],"1":[0,0]}}
,"/Users/imdadadelabou/projets/tikeo-planity-backend/src/providers/controllers/create.ts": {"path":"/Users/imdadadelabou/projets/tikeo-planity-backend/src/providers/controllers/create.ts","statementMap":{"0":{"start":{"line":2,"column":0},"end":{"line":2,"column":73}},"1":{"start":{"line":3,"column":0},"end":{"line":3,"column":61}},"2":{"start":{"line":7,"column":31},"end":{"line":7,"column":75}},"3":{"start":{"line":9,"column":2},"end":{"line":11,"column":3}},"4":{"start":{"line":10,"column":4},"end":{"line":10,"column":73}},"5":{"start":{"line":13,"column":2},"end":{"line":25,"column":3}},"6":{"start":{"line":14,"column":20},"end":{"line":14,"column":40}},"7":{"start":{"line":15,"column":61},"end":{"line":15,"column":86}},"8":{"start":{"line":17,"column":4},"end":{"line":17,"column":97}},"9":{"start":{"line":19,"column":4},"end":{"line":21,"column":7}},"10":{"start":{"line":23,"column":4},"end":{"line":23,"column":53}},"11":{"start":{"line":24,"column":4},"end":{"line":24,"column":70}},"12":{"start":{"line":28,"column":0},"end":{"line":28,"column":22}}},"fnMap":{"0":{"name":"create","decl":{"start":{"line":6,"column":15},"end":{"line":6,"column":21}},"loc":{"start":{"line":6,"column":49},"end":{"line":26,"column":1}}}},"branchMap":{"0":{"loc":{"start":{"line":9,"column":2},"end":{"line":11,"column":3}},"type":"if","locations":[{"start":{"line":9,"column":2},"end":{"line":11,"column":3}},{"start":{},"end":{}}]}},"s":{"0":1,"1":1,"2":0,"3":0,"4":0,"5":0,"6":0,"7":0,"8":0,"9":0,"10":0,"11":0,"12":1},"f":{"0":0},"b":{"0":[0,0]}}
,"/Users/imdadadelabou/projets/tikeo-planity-backend/src/providers/controllers/me.ts": {"path":"/Users/imdadadelabou/projets/tikeo-planity-backend/src/providers/controllers/me.ts","statementMap":{"0":{"start":{"line":3,"column":0},"end":{"line":3,"column":61}},"1":{"start":{"line":6,"column":18},"end":{"line":6,"column":38}},"2":{"start":{"line":8,"column":2},"end":{"line":18,"column":3}},"3":{"start":{"line":9,"column":21},"end":{"line":9,"column":72}},"4":{"start":{"line":10,"column":4},"end":{"line":12,"column":5}},"5":{"start":{"line":11,"column":6},"end":{"line":11,"column":69}},"6":{"start":{"line":14,"column":4},"end":{"line":14,"column":73}},"7":{"start":{"line":16,"column":4},"end":{"line":16,"column":53}},"8":{"start":{"line":17,"column":4},"end":{"line":17,"column":70}},"9":{"start":{"line":21,"column":0},"end":{"line":21,"column":18}}},"fnMap":{"0":{"name":"me","decl":{"start":{"line":5,"column":15},"end":{"line":5,"column":17}},"loc":{"start":{"line":5,"column":45},"end":{"line":19,"column":1}}}},"branchMap":{"0":{"loc":{"start":{"line":10,"column":4},"end":{"line":12,"column":5}},"type":"if","locations":[{"start":{"line":10,"column":4},"end":{"line":12,"column":5}},{"start":{},"end":{}}]}},"s":{"0":1,"1":0,"2":0,"3":0,"4":0,"5":0,"6":0,"7":0,"8":0,"9":1},"f":{"0":0},"b":{"0":[0,0]}}
,"/Users/imdadadelabou/projets/tikeo-planity-backend/src/providers/controllers/update.ts": {"path":"/Users/imdadadelabou/projets/tikeo-planity-backend/src/providers/controllers/update.ts","statementMap":{"0":{"start":{"line":2,"column":0},"end":{"line":2,"column":73}},"1":{"start":{"line":3,"column":0},"end":{"line":3,"column":61}},"2":{"start":{"line":6,"column":18},"end":{"line":6,"column":48}},"3":{"start":{"line":8,"column":31},"end":{"line":8,"column":75}},"4":{"start":{"line":10,"column":2},"end":{"line":29,"column":3}},"5":{"start":{"line":11,"column":4},"end":{"line":13,"column":5}},"6":{"start":{"line":12,"column":6},"end":{"line":12,"column":75}},"7":{"start":{"line":14,"column":23},"end":{"line":14,"column":72}},"8":{"start":{"line":16,"column":4},"end":{"line":18,"column":5}},"9":{"start":{"line":17,"column":6},"end":{"line":17,"column":78}},"10":{"start":{"line":19,"column":61},"end":{"line":19,"column":86}},"11":{"start":{"line":21,"column":4},"end":{"line":21,"column":96}},"12":{"start":{"line":23,"column":4},"end":{"line":25,"column":7}},"13":{"start":{"line":27,"column":4},"end":{"line":27,"column":53}},"14":{"start":{"line":28,"column":4},"end":{"line":28,"column":70}},"15":{"start":{"line":32,"column":0},"end":{"line":32,"column":22}}},"fnMap":{"0":{"name":"update","decl":{"start":{"line":5,"column":15},"end":{"line":5,"column":21}},"loc":{"start":{"line":5,"column":49},"end":{"line":30,"column":1}}}},"branchMap":{"0":{"loc":{"start":{"line":11,"column":4},"end":{"line":13,"column":5}},"type":"if","locations":[{"start":{"line":11,"column":4},"end":{"line":13,"column":5}},{"start":{},"end":{}}]},"1":{"loc":{"start":{"line":16,"column":4},"end":{"line":18,"column":5}},"type":"if","locations":[{"start":{"line":16,"column":4},"end":{"line":18,"column":5}},{"start":{},"end":{}}]}},"s":{"0":1,"1":1,"2":0,"3":0,"4":0,"5":0,"6":0,"7":0,"8":0,"9":0,"10":0,"11":0,"12":0,"13":0,"14":0,"15":1},"f":{"0":0},"b":{"0":[0,0],"1":[0,0]}}
,"/Users/imdadadelabou/projets/tikeo-planity-backend/src/providers/dto/createProviderData.dto.ts": {"path":"/Users/imdadadelabou/projets/tikeo-planity-backend/src/providers/dto/createProviderData.dto.ts","statementMap":{"0":{"start":{"line":1,"column":0},"end":{"line":1,"column":24}},"1":{"start":{"line":3,"column":33},"end":{"line":14,"column":2}},"2":{"start":{"line":16,"column":9},"end":{"line":16,"column":33}}},"fnMap":{},"branchMap":{},"s":{"0":1,"1":1,"2":1},"f":{},"b":{}}
,"/Users/imdadadelabou/projets/tikeo-planity-backend/src/providers/dto/updateProviderData.dto.ts": {"path":"/Users/imdadadelabou/projets/tikeo-planity-backend/src/providers/dto/updateProviderData.dto.ts","statementMap":{"0":{"start":{"line":1,"column":0},"end":{"line":1,"column":24}},"1":{"start":{"line":3,"column":33},"end":{"line":18,"column":11}},"2":{"start":{"line":20,"column":9},"end":{"line":20,"column":33}}},"fnMap":{},"branchMap":{},"s":{"0":1,"1":1,"2":1},"f":{},"b":{}}
,"/Users/imdadadelabou/projets/tikeo-planity-backend/src/providers/routes/providers.route.ts": {"path":"/Users/imdadadelabou/projets/tikeo-planity-backend/src/providers/routes/providers.route.ts","statementMap":{"0":{"start":{"line":1,"column":0},"end":{"line":1,"column":33}},"1":{"start":{"line":2,"column":0},"end":{"line":2,"column":43}},"2":{"start":{"line":3,"column":0},"end":{"line":3,"column":35}},"3":{"start":{"line":4,"column":0},"end":{"line":4,"column":43}},"4":{"start":{"line":6,"column":24},"end":{"line":6,"column":32}},"5":{"start":{"line":8,"column":0},"end":{"line":8,"column":34}},"6":{"start":{"line":9,"column":0},"end":{"line":9,"column":31}},"7":{"start":{"line":10,"column":0},"end":{"line":10,"column":35}},"8":{"start":{"line":12,"column":0},"end":{"line":12,"column":31}}},"fnMap":{},"branchMap":{},"s":{"0":1,"1":1,"2":1,"3":1,"4":1,"5":1,"6":1,"7":1,"8":1},"f":{},"b":{}}
,"/Users/imdadadelabou/projets/tikeo-planity-backend/src/providers/services/providers.service.ts": {"path":"/Users/imdadadelabou/projets/tikeo-planity-backend/src/providers/services/providers.service.ts","statementMap":{"0":{"start":{"line":1,"column":0},"end":{"line":1,"column":48}},"1":{"start":{"line":11,"column":4},"end":{"line":19,"column":7}},"2":{"start":{"line":23,"column":4},"end":{"line":27,"column":7}},"3":{"start":{"line":37,"column":4},"end":{"line":47,"column":7}},"4":{"start":{"line":51,"column":25},"end":{"line":51,"column":47}},"5":{"start":{"line":53,"column":0},"end":{"line":53,"column":32}}},"fnMap":{"0":{"name":"(anonymous_1)","decl":{"start":{"line":4,"column":2},"end":{"line":4,"column":7}},"loc":{"start":{"line":9,"column":24},"end":{"line":20,"column":3}}},"1":{"name":"(anonymous_2)","decl":{"start":{"line":22,"column":2},"end":{"line":22,"column":7}},"loc":{"start":{"line":22,"column":42},"end":{"line":28,"column":3}}},"2":{"name":"(anonymous_3)","decl":{"start":{"line":30,"column":2},"end":{"line":30,"column":7}},"loc":{"start":{"line":35,"column":21},"end":{"line":48,"column":3}}}},"branchMap":{},"s":{"0":1,"1":0,"2":0,"3":0,"4":1,"5":1},"f":{"0":0,"1":0,"2":0},"b":{}}
,"/Users/imdadadelabou/projets/tikeo-planity-backend/src/user/controllers/user.controller.ts": {"path":"/Users/imdadadelabou/projets/tikeo-planity-backend/src/user/controllers/user.controller.ts","statementMap":{"0":{"start":{"line":26,"column":9},"end":{"line":26,"column":11}},"1":{"start":{"line":5,"column":2},"end":{"line":23,"column":3}},"2":{"start":{"line":6,"column":17},"end":{"line":6,"column":33}},"3":{"start":{"line":7,"column":4},"end":{"line":9,"column":5}},"4":{"start":{"line":8,"column":6},"end":{"line":8,"column":65}},"5":{"start":{"line":11,"column":4},"end":{"line":19,"column":7}},"6":{"start":{"line":21,"column":4},"end":{"line":21,"column":25}},"7":{"start":{"line":22,"column":4},"end":{"line":22,"column":70}}},"fnMap":{"0":{"name":"me","decl":{"start":{"line":4,"column":15},"end":{"line":4,"column":17}},"loc":{"start":{"line":4,"column":45},"end":{"line":24,"column":1}}}},"branchMap":{"0":{"loc":{"start":{"line":7,"column":4},"end":{"line":9,"column":5}},"type":"if","locations":[{"start":{"line":7,"column":4},"end":{"line":9,"column":5}},{"start":{},"end":{}}]}},"s":{"0":1,"1":0,"2":0,"3":0,"4":0,"5":0,"6":0,"7":0},"f":{"0":0},"b":{"0":[0,0]}}
,"/Users/imdadadelabou/projets/tikeo-planity-backend/src/user/routes/user.route.ts": {"path":"/Users/imdadadelabou/projets/tikeo-planity-backend/src/user/routes/user.route.ts","statementMap":{"0":{"start":{"line":1,"column":0},"end":{"line":1,"column":33}},"1":{"start":{"line":2,"column":0},"end":{"line":2,"column":52}},"2":{"start":{"line":3,"column":0},"end":{"line":3,"column":32}},"3":{"start":{"line":5,"column":19},"end":{"line":5,"column":27}},"4":{"start":{"line":7,"column":0},"end":{"line":7,"column":76}},"5":{"start":{"line":9,"column":0},"end":{"line":9,"column":26}}},"fnMap":{},"branchMap":{},"s":{"0":1,"1":1,"2":1,"3":1,"4":1,"5":1},"f":{},"b":{}}
,"/Users/imdadadelabou/projets/tikeo-planity-backend/src/user/services/user.service.ts": {"path":"/Users/imdadadelabou/projets/tikeo-planity-backend/src/user/services/user.service.ts","statementMap":{"0":{"start":{"line":1,"column":0},"end":{"line":1,"column":48}},"1":{"start":{"line":6,"column":4},"end":{"line":8,"column":7}},"2":{"start":{"line":12,"column":4},"end":{"line":14,"column":7}},"3":{"start":{"line":18,"column":4},"end":{"line":20,"column":7}},"4":{"start":{"line":24,"column":4},"end":{"line":27,"column":7}},"5":{"start":{"line":31,"column":20},"end":{"line":31,"column":37}},"6":{"start":{"line":33,"column":0},"end":{"line":33,"column":27}}},"fnMap":{"0":{"name":"(anonymous_1)","decl":{"start":{"line":5,"column":2},"end":{"line":5,"column":7}},"loc":{"start":{"line":5,"column":29},"end":{"line":9,"column":3}}},"1":{"name":"(anonymous_2)","decl":{"start":{"line":11,"column":2},"end":{"line":11,"column":7}},"loc":{"start":{"line":11,"column":37},"end":{"line":15,"column":3}}},"2":{"name":"(anonymous_3)","decl":{"start":{"line":17,"column":2},"end":{"line":17,"column":7}},"loc":{"start":{"line":17,"column":31},"end":{"line":21,"column":3}}},"3":{"name":"(anonymous_4)","decl":{"start":{"line":23,"column":2},"end":{"line":23,"column":7}},"loc":{"start":{"line":23,"column":60},"end":{"line":28,"column":3}}}},"branchMap":{},"s":{"0":1,"1":0,"2":0,"3":0,"4":0,"5":1,"6":1},"f":{"0":0,"1":0,"2":0,"3":0},"b":{}}
,"/Users/imdadadelabou/projets/tikeo-planity-backend/src/utils/constant.ts": {"path":"/Users/imdadadelabou/projets/tikeo-planity-backend/src/utils/constant.ts","statementMap":{"0":{"start":{"line":1,"column":14},"end":{"line":1,"column":47}},"1":{"start":{"line":2,"column":9},"end":{"line":2,"column":14}}},"fnMap":{},"branchMap":{},"s":{"0":1,"1":1},"f":{},"b":{}}
}
